<?xml version="1.0" encoding="UTF-8"?>
<!-- Generated by org.testng.reporters.JUnitReportReporter -->
<testsuite hostname="SARAVANANR" failures="0" tests="1" name="TESTNGDEMO.T007" time="15.779" errors="0" timestamp="2022-06-21T14:33:58 IST" skipped="0">
  <testcase classname="TESTNGDEMO.T007" name="TS001" time="15.779"/>
  <system-out/>
</testsuite> <!-- TESTNGDEMO.T007 -->
