<?xml version="1.0" encoding="UTF-8"?>
<!-- Generated by org.testng.reporters.JUnitReportReporter -->
<testsuite hostname="SARAVANANR" failures="0" tests="1" name="GooglePageTest.TS001" time="20.166" errors="0" timestamp="2022-07-06T14:46:37 IST" skipped="0">
  <testcase classname="GooglePageTest.TS001" name="Test1" time="20.166"/>
  <system-out/>
</testsuite> <!-- GooglePageTest.TS001 -->
