<?xml version="1.0" encoding="UTF-8"?>
<!-- Generated by org.testng.reporters.JUnitReportReporter -->
<testsuite hostname="SARAVANANR" failures="0" tests="3" name="TESTNGDEMO.TS006" time="0.005" errors="0" timestamp="2022-06-21T14:33:58 IST" skipped="0">
  <testcase classname="TESTNGDEMO.TS006" name="CloseBrowser" time="0.002"/>
  <system-out/>
  <testcase classname="TESTNGDEMO.TS006" name="OpenBrowser" time="0.001"/>
  <system-out/>
  <testcase classname="TESTNGDEMO.TS006" name="Signout" time="0.002"/>
  <system-out/>
</testsuite> <!-- TESTNGDEMO.TS006 -->
