<?xml version="1.0" encoding="UTF-8"?>
<!-- Generated by org.testng.reporters.JUnitReportReporter -->
<testsuite hostname="SARAVANANR" failures="0" tests="2" name="TESTNGDEMO.TS002" time="0.002" errors="0" timestamp="2022-06-21T14:33:57 IST" skipped="0">
  <testcase classname="TESTNGDEMO.TS002" name="B" time="0.001"/>
  <system-out/>
  <testcase classname="TESTNGDEMO.TS002" name="A" time="0.001"/>
  <system-out/>
</testsuite> <!-- TESTNGDEMO.TS002 -->
