<?xml version="1.0" encoding="UTF-8"?>
<!-- Generated by org.testng.reporters.JUnitReportReporter -->
<testsuite hostname="SARAVANANR" failures="0" tests="1" name="TESTNGDEMO.T001" time="14.877" errors="0" timestamp="2022-06-21T14:33:58 IST" skipped="0">
  <testcase classname="TESTNGDEMO.T001" name="TS001" time="14.877"/>
  <system-out/>
</testsuite> <!-- TESTNGDEMO.T001 -->
